# JRE version: OpenJDK Runtime Environment (15.0+36) (build 15+36-1562)
# Java VM: OpenJDK 64-Bit Server VM (15+36-1562, mixed mode, sharing, tiered, compressed oops, g1 gc, windows-amd64)
GC Precious Log:
 CPUs: 4 total, 4 available
 Memory: 3947M
 Large Page Support: Disabled
 NUMA Support: Disabled
 Compressed Oops: Enabled (32-bit)
 Heap Region Size: 1M
 Heap Min Capacity: 256M
 Heap Initial Capacity: 256M
 Heap Max Capacity: 512M
 Pre-touch: Disabled
 Parallel Workers: 4
 Concurrent Workers: 1
 Concurrent Refinement Workers: 4
 Periodic GC: Disabled
Heap:
 garbage-first heap   total 262144K, used 36038K [0x00000000e0000000, 0x0000000100000000)
  region size 1024K, 24 young (24576K), 13 survivors (13312K)
 Metaspace       used 34793K, capacity 35521K, committed 35760K, reserved 286720K
  class space    used 4358K, capacity 4562K, committed 4608K, reserved 253952K
GC Heap History (10 events):
Event: 1.265 GC heap before
{Heap before GC invocations=0 (full 0):
 garbage-first heap   total 262144K, used 18432K [0x00000000e0000000, 0x0000000100000000)
  region size 1024K, 13 young (13312K), 0 survivors (0K)
 Metaspace       used 1613K, capacity 5081K, committed 5120K, reserved 262144K
  class space    used 156K, capacity 499K, committed 512K, reserved 253952K
}
Event: 1.272 GC heap after
{Heap after GC invocations=1 (full 0):
 garbage-first heap   total 262144K, used 8339K [0x00000000e0000000, 0x0000000100000000)
  region size 1024K, 2 young (2048K), 2 survivors (2048K)
 Metaspace       used 1613K, capacity 5081K, committed 5120K, reserved 262144K
  class space    used 156K, capacity 499K, committed 512K, reserved 253952K
}
Event: 4.677 GC heap before
{Heap before GC invocations=1 (full 0):
 garbage-first heap   total 262144K, used 20627K [0x00000000e0000000, 0x0000000100000000)
  region size 1024K, 14 young (14336K), 2 survivors (2048K)
 Metaspace       used 3927K, capacity 6533K, committed 6656K, reserved 262144K
  class space    used 480K, capacity 727K, committed 768K, reserved 253952K
}
Event: 4.681 GC heap after
{Heap after GC invocations=2 (full 0):
 garbage-first heap   total 262144K, used 8734K [0x00000000e0000000, 0x0000000100000000)
  region size 1024K, 1 young (1024K), 1 survivors (1024K)
 Metaspace       used 3927K, capacity 6533K, committed 6656K, reserved 262144K
  class space    used 480K, capacity 727K, committed 768K, reserved 253952K
}
Event: 12.691 GC heap before
{Heap before GC invocations=2 (full 0):
 garbage-first heap   total 262144K, used 32286K [0x00000000e0000000, 0x0000000100000000)
  region size 1024K, 25 young (25600K), 1 survivors (1024K)
 Metaspace       used 4062K, capacity 6533K, committed 6656K, reserved 262144K
  class space    used 481K, capacity 727K, committed 768K, reserved 253952K
}
Event: 12.705 GC heap after
{Heap after GC invocations=3 (full 0):
 garbage-first heap   total 262144K, used 12503K [0x00000000e0000000, 0x0000000100000000)
  region size 1024K, 4 young (4096K), 4 survivors (4096K)
 Metaspace       used 4062K, capacity 6533K, committed 6656K, reserved 262144K
  class space    used 481K, capacity 727K, committed 768K, reserved 253952K
}
Event: 32.445 GC heap before
{Heap before GC invocations=3 (full 0):
 garbage-first heap   total 262144K, used 106711K [0x00000000e0000000, 0x0000000100000000)
  region size 1024K, 97 young (99328K), 4 survivors (4096K)
 Metaspace       used 20858K, capacity 21197K, committed 21296K, reserved 272384K
  class space    used 3030K, capacity 3158K, committed 3200K, reserved 253952K
}
Event: 32.509 GC heap after
{Heap after GC invocations=4 (full 0):
 garbage-first heap   total 262144K, used 19233K [0x00000000e0000000, 0x0000000100000000)
  region size 1024K, 11 young (11264K), 11 survivors (11264K)
 Metaspace       used 20858K, capacity 21197K, committed 21296K, reserved 272384K
  class space    used 3030K, capacity 3158K, committed 3200K, reserved 253952K
}
Event: 757.129 GC heap before
{Heap before GC invocations=5 (full 0):
 garbage-first heap   total 262144K, used 122657K [0x00000000e0000000, 0x0000000100000000)
  region size 1024K, 110 young (112640K), 11 survivors (11264K)
 Metaspace       used 34697K, capacity 35353K, committed 35504K, reserved 286720K
  class space    used 4355K, capacity 4556K, committed 4608K, reserved 253952K
}
Event: 757.183 GC heap after
{Heap after GC invocations=6 (full 0):
 garbage-first heap   total 262144K, used 25798K [0x00000000e0000000, 0x0000000100000000)
  region size 1024K, 13 young (13312K), 13 survivors (13312K)
 Metaspace       used 34697K, capacity 35353K, committed 35504K, reserved 286720K
  class space    used 4355K, capacity 4556K, committed 4608K, reserved 253952K
}

